{"/Users/majdi/Downloads/efrei/starter-typescript/src/main.ts": {"path":"/Users/majdi/Downloads/efrei/starter-typescript/src/main.ts","statementMap":{"0":{"start":{"line":2,"column":2},"end":{"line":2,"column":29}},"1":{"start":{"line":7,"column":2},"end":{"line":7,"column":27}},"2":{"start":{"line":10,"column":0},"end":{"line":10,"column":25}}},"fnMap":{"0":{"name":"helloWorld","decl":{"start":{"line":1,"column":16},"end":{"line":1,"column":26}},"loc":{"start":{"line":1,"column":56},"end":{"line":3,"column":1}},"line":1},"1":{"name":"devNull","decl":{"start":{"line":6,"column":16},"end":{"line":6,"column":23}},"loc":{"start":{"line":6,"column":31},"end":{"line":8,"column":1}},"line":6}},"branchMap":{"0":{"loc":{"start":{"line":1,"column":27},"end":{"line":1,"column":46}},"type":"default-arg","locations":[{"start":{"line":1,"column":34},"end":{"line":1,"column":46}}],"line":1}},"s":{"0":2,"1":1,"2":1},"f":{"0":2,"1":1},"b":{"0":[1]},"_coverageSchema":"43e27e138ebf9cfc5966b082cf9a028302ed4184","hash":"68260ab0f08ffb3f2d35cd7103ec2b23efa77d03"}
}
